2024-03-12 00:34:36 discreteprice 0.122264372029543
2024-03-12 00:34:45 brand 0.316045281432046
2024-03-12 00:34:50 circa 0.111330334858773
2024-03-12 00:34:59 material 0.130435223640085
2024-03-12 00:35:08 movement 0.121735950321744
2024-03-12 00:35:16 discreteprice_brand 0.119643455076452
2024-03-12 00:35:25 discreteprice_circa 0.102743350848594
2024-03-12 00:35:34 discreteprice_material 0.108415192609473
2024-03-12 00:35:43 discreteprice_movement 0.140336200511408
2024-03-12 00:35:51 brand_circa 0.382280742056628
2024-03-12 00:35:56 brand_material 0.348561434314133
2024-03-12 00:36:01 brand_movement 0.123016693338537
2024-03-12 00:36:10 circa_material 0.208987741740115
2024-03-12 00:36:16 circa_movement 0.337647459528543
2024-03-12 00:36:21 material_movement 0.119275344755324
2024-03-12 00:36:30 discreteprice_brand_circa 0.342417958117809
2024-03-12 00:36:35 discreteprice_brand_material 0.299347227840032
2024-03-12 00:36:40 discreteprice_brand_movement 0.273231589341189
2024-03-12 00:36:45 discreteprice_circa_material 0.230429288743204
2024-03-12 00:36:51 discreteprice_circa_movement 0.224103555880251
2024-03-12 00:36:57 discreteprice_material_movement 0.0799079646733153
2024-03-12 00:37:06 brand_circa_material 0.259728039469597
2024-03-12 00:37:11 brand_circa_movement 0.414494364664588
2024-03-12 00:37:16 brand_material_movement 0.206483296668514
2024-03-12 00:37:22 circa_material_movement 0.363750150869861
2024-03-12 00:37:26 discreteprice_brand_circa_material 0.292790866890371
2024-03-12 00:37:32 discreteprice_brand_circa_movement 0.27864058840037
2024-03-12 00:37:37 discreteprice_brand_material_movement 0.262132575839568
2024-03-12 00:37:43 discreteprice_circa_material_movement 0.321860727009872
2024-03-12 00:37:48 brand_circa_material_movement 0.242299986507982
2024-03-12 00:38:33 discreteprice_brand_circa_material_movement 0.320528870206424
